<?xml version="1.0" encoding="UTF-8"?>
<Site BuildName="Win32-ninja"
	BuildStamp="20240602-1216-Experimental"
	Name="DESKTOP-70Q8RK2"
	Generator="ctest-3.27.2"
	CompilerName="C:/Downloads/mingw64/bin/c++.exe"
	CompilerVersion="13.2.0"
	OSName="Windows"
	Hostname="DESKTOP-70Q8RK2"
	OSRelease=" Personal"
	OSVersion=" (Build 9200)"
	OSPlatform="AMD64"
	Is64Bits="1"
	VendorString=""
	VendorID="Unknown Manufacturer"
	FamilyID="0"
	ModelID="0"
	ProcessorCacheSize="0"
	NumberOfLogicalCPU="12"
	NumberOfPhysicalCPU="6"
	TotalVirtualMemory="18796"
	TotalPhysicalMemory="14188"
	LogicalProcessorsPerPhysical="2"
	ProcessorClockFrequency="3294"
	>
	<Testing>
		<StartDateTime>Jun 02 14:16 GTB Standard Time</StartDateTime>
		<StartTestTime>1717330576</StartTestTime>
		<TestList/>
		<EndDateTime>Jun 02 14:16 GTB Standard Time</EndDateTime>
		<EndTestTime>1717330576</EndTestTime>
		<ElapsedMinutes>0</ElapsedMinutes>
	</Testing>
</Site>
